<?xml version="1.0" encoding="UTF-8"?>
<testng-results skipped="0" failed="0" ignored="0" total="1" passed="1">
  <reporter-output>
  </reporter-output>
  <suite name="Example test run" duration-ms="7118" started-at="2021-09-20T05:29:02Z" finished-at="2021-09-20T05:29:09Z">
    <groups>
    </groups>
    <test name="Simple Test" duration-ms="7118" started-at="2021-09-20T05:29:02Z" finished-at="2021-09-20T05:29:09Z">
      <class name="com.google.tests.GoogleHomePageTest">
        <test-method status="PASS" signature="testSetUp()[pri:0, instance:com.google.tests.GoogleHomePageTest@26be92ad]" name="testSetUp" is-config="true" duration-ms="2534" started-at="2021-09-20T05:29:02Z" finished-at="2021-09-20T05:29:04Z">
          <reporter-output>
          </reporter-output>
        </test-method> <!-- testSetUp -->
        <test-method status="PASS" signature="verifyGooglePageTittle()[pri:0, instance:com.google.tests.GoogleHomePageTest@26be92ad]" name="verifyGooglePageTittle" duration-ms="3747" started-at="2021-09-20T05:29:04Z" finished-at="2021-09-20T05:29:08Z">
          <reporter-output>
          </reporter-output>
        </test-method> <!-- verifyGooglePageTittle -->
        <test-method status="PASS" signature="tearDown()[pri:0, instance:com.google.tests.GoogleHomePageTest@26be92ad]" name="tearDown" is-config="true" duration-ms="806" started-at="2021-09-20T05:29:08Z" finished-at="2021-09-20T05:29:09Z">
          <reporter-output>
          </reporter-output>
        </test-method> <!-- tearDown -->
      </class> <!-- com.google.tests.GoogleHomePageTest -->
    </test> <!-- Simple Test -->
  </suite> <!-- Example test run -->
</testng-results>
