<?xml version="1.0" encoding="UTF-8"?>
<!-- Generated by org.testng.reporters.JUnitXMLReporter -->
<testsuite hostname="DESKTOP-0KBR3DP" ignored="2" name="Tests" tests="2" failures="0" timestamp="09 Sep 2021 07:03:06 GMT" time="17.607" errors="0">
  <testcase name="testFirstURL" time="6.765" classname="com.demo.DemoProject.AppTest"/>
  <testcase name="testSecondURL" time="3.922" classname="com.demo.DemoProject.AppTest"/>
  <testcase name="@BeforeTest SetUpBrowser" time="0.0" classname="com.demo.DemoProject.TestNGBaseTest">
    <ignored/>
  </testcase> <!-- @BeforeTest SetUpBrowser -->
  <testcase name="@AfterTest closeBrowser" time="0.0" classname="com.demo.DemoProject.TestNGBaseTest">
    <ignored/>
  </testcase> <!-- @AfterTest closeBrowser -->
</testsuite> <!-- Tests -->
